2022-11-03 08:50:21.393 [http-nio-8085-exec-3] DEBUG c.a.q.d.U.selectUserInfo -==>  Preparing: SELECT id,username,`password`,status FROM user_info WHERE username = ? AND status = "1"
2022-11-03 08:50:21.393 [http-nio-8085-exec-3] DEBUG c.a.q.d.U.selectUserInfo -==>  Preparing: SELECT id,username,`password`,status FROM user_info WHERE username = ? AND status = "1"
2022-11-03 08:50:21.409 [http-nio-8085-exec-3] DEBUG c.a.q.d.U.selectUserInfo -==> Parameters: admin(String)
2022-11-03 08:50:21.409 [http-nio-8085-exec-3] DEBUG c.a.q.d.U.selectUserInfo -==> Parameters: admin(String)
2022-11-03 08:50:21.429 [http-nio-8085-exec-3] DEBUG c.a.q.d.U.selectUserInfo -<==      Total: 1
2022-11-03 08:50:21.429 [http-nio-8085-exec-3] DEBUG c.a.q.d.U.selectUserInfo -<==      Total: 1
2022-11-03 08:50:21.634 [http-nio-8085-exec-8] DEBUG c.a.q.d.P.queryProjectList -==>  Preparing: SELECT * FROM project_info WHERE created_by= ?
2022-11-03 08:50:21.634 [http-nio-8085-exec-8] DEBUG c.a.q.d.P.queryProjectList -==>  Preparing: SELECT * FROM project_info WHERE created_by= ?
2022-11-03 08:50:21.635 [http-nio-8085-exec-8] DEBUG c.a.q.d.P.queryProjectList -==> Parameters: admin(String)
2022-11-03 08:50:21.635 [http-nio-8085-exec-8] DEBUG c.a.q.d.P.queryProjectList -==> Parameters: admin(String)
2022-11-03 08:50:21.639 [http-nio-8085-exec-8] DEBUG c.a.q.d.P.queryProjectList -<==      Total: 2
2022-11-03 08:50:21.639 [http-nio-8085-exec-8] DEBUG c.a.q.d.P.queryProjectList -<==      Total: 2
2022-11-03 08:50:21.651 [http-nio-8085-exec-8] DEBUG c.a.q.d.Q.select -==>  Preparing: SELECT * FROM questionnaire_info WHERE `status` != 0 and `project_id`=?
2022-11-03 08:50:21.651 [http-nio-8085-exec-8] DEBUG c.a.q.d.Q.select -==>  Preparing: SELECT * FROM questionnaire_info WHERE `status` != 0 and `project_id`=?
2022-11-03 08:50:21.652 [http-nio-8085-exec-8] DEBUG c.a.q.d.Q.select -==> Parameters: 11504e1f958a4069bc557c797d73099e(String)
2022-11-03 08:50:21.652 [http-nio-8085-exec-8] DEBUG c.a.q.d.Q.select -==> Parameters: 11504e1f958a4069bc557c797d73099e(String)
2022-11-03 08:50:21.654 [http-nio-8085-exec-8] DEBUG c.a.q.d.Q.select -<==      Total: 1
2022-11-03 08:50:21.654 [http-nio-8085-exec-8] DEBUG c.a.q.d.Q.select -<==      Total: 1
2022-11-03 08:50:21.655 [http-nio-8085-exec-8] DEBUG c.a.q.d.Q.select -==>  Preparing: SELECT * FROM questionnaire_info WHERE `status` != 0 and `project_id`=?
2022-11-03 08:50:21.655 [http-nio-8085-exec-8] DEBUG c.a.q.d.Q.select -==>  Preparing: SELECT * FROM questionnaire_info WHERE `status` != 0 and `project_id`=?
2022-11-03 08:50:21.656 [http-nio-8085-exec-8] DEBUG c.a.q.d.Q.select -==> Parameters: bde064b9012341e5b922c7fea3b15fa5(String)
2022-11-03 08:50:21.656 [http-nio-8085-exec-8] DEBUG c.a.q.d.Q.select -==> Parameters: bde064b9012341e5b922c7fea3b15fa5(String)
2022-11-03 08:50:21.657 [http-nio-8085-exec-8] DEBUG c.a.q.d.Q.select -<==      Total: 1
2022-11-03 08:50:21.657 [http-nio-8085-exec-8] DEBUG c.a.q.d.Q.select -<==      Total: 1
